stopping the following units: accounts-daemon.service
activating the configuration...
setting up /etc...
reloading user units for eli...
restarting sysinit-reactivation.target
reloading the following units: dbus.service
restarting the following units: polkit.service
starting the following units: accounts-daemon.service
tore/gaq6qwaph0drlvnag9wgq3j64igpx6hv-X-Restart-Triggers-polkit.drv
  /nix/store/j4igl27b94c65plvsrf3c6zs832311ii-unit-polkit.service.drv
  /nix/store/dcjairzmfw0naxz2kqgakzldzz8myfy1-dbus-1.drv
  /nix/store/v1ss3bkka39ni55j4hlnpv6r06msr5mp-X-Restart-Triggers-dbus.drv
  /nix/store/jr4hda5yp7zgacfccx9car2l7awlciix-unit-dbus.service.drv
  /nix/store/x5ss4y3kd79gdf41n0n1cnxs80x2ndd6-unit-accounts-daemon.service.drv
  /nix/store/74vym3v2n38dnxxxjd776c0mrr2vg6i3-system-units.drv
  /nix/store/qjlk8j7i2rpcvn94i9y3cym4bflpj484-man-paths.drv
  /nix/store/w62iksqclmhlg3fvm84k25hpc864w4nl-man-cache.drv
  /nix/store/ckl4a1rvixf2i75zvdkyy3laa4wski3v-etc-man_db.conf.drv
  /nix/store/y2s4anpn01bmxny3j5i41m8afkv439vy-libcxx-17.0.6_fish-completions.drv
  /nix/store/nwnapc8r1lcnfh49zzaq48jkgbpsm59r-system_fish-completions.drv
  /nix/store/zh3cx98hfrwbms169m78rrhlj5xxnjgz-unit-dbus.service.drv
  /nix/store/zly31zipfcvd7ddai6syavkrwa8yg3j6-user-units.drv
  /nix/store/x7jw94cchj2jyk8rb9nh4h7479hzxgga-etc.drv
  /nix/store/gsl1nhfhh87g1zyjqwnysh47nmpi0j24-nixos-system-soul-24.05.20240309.3030f18.drv
building '/nix/store/43sm6q6kwwxbhfi2ykl42qks8fr75g6p-system-path.drv'...
building '/nix/store/3xc8vbaj7q76lflfy81la4idl75n5rpp-clang-wrapper-17.0.6_fish-completions.drv'...
building '/nix/store/y2s4anpn01bmxny3j5i41m8afkv439vy-libcxx-17.0.6_fish-completions.drv'...
building '/nix/store/qjlk8j7i2rpcvn94i9y3cym4bflpj484-man-paths.drv'...
building '/nix/store/nwnapc8r1lcnfh49zzaq48jkgbpsm59r-system_fish-completions.drv'...
building '/nix/store/w62iksqclmhlg3fvm84k25hpc864w4nl-man-cache.drv'...
building '/nix/store/gaq6qwaph0drlvnag9wgq3j64igpx6hv-X-Restart-Triggers-polkit.drv'...
building '/nix/store/dcjairzmfw0naxz2kqgakzldzz8myfy1-dbus-1.drv'...
building '/nix/store/x5ss4y3kd79gdf41n0n1cnxs80x2ndd6-unit-accounts-daemon.service.drv'...
building '/nix/store/v1ss3bkka39ni55j4hlnpv6r06msr5mp-X-Restart-Triggers-dbus.drv'...
building '/nix/store/j4igl27b94c65plvsrf3c6zs832311ii-unit-polkit.service.drv'...
building '/nix/store/jr4hda5yp7zgacfccx9car2l7awlciix-unit-dbus.service.drv'...
building '/nix/store/zh3cx98hfrwbms169m78rrhlj5xxnjgz-unit-dbus.service.drv'...
building '/nix/store/74vym3v2n38dnxxxjd776c0mrr2vg6i3-system-units.drv'...
building '/nix/store/zly31zipfcvd7ddai6syavkrwa8yg3j6-user-units.drv'...
building '/nix/store/ckl4a1rvixf2i75zvdkyy3laa4wski3v-etc-man_db.conf.drv'...
building '/nix/store/x7jw94cchj2jyk8rb9nh4h7479hzxgga-etc.drv'...
building '/nix/store/gsl1nhfhh87g1zyjqwnysh47nmpi0j24-nixos-system-soul-24.05.20240309.3030f18.drv'...
